#
# There is insufficient memory for the Java Runtime Environment to continue.
# Native memory allocation (mmap) failed to map 268435456 bytes for Failed to commit area from 0x0000000700c00000 to 0x0000000710c00000 of length 268435456.
# Possible reasons:
#   The system is out of physical RAM or swap space
#   The process is running with CompressedOops enabled, and the Java Heap may be blocking the growth of the native heap
# Possible solutions:
#   Reduce memory load on the system
#   Increase physical memory or swap space
#   Check if swap backing store is full
#   Decrease Java heap size (-Xmx/-Xms)
#   Decrease number of Java threads
#   Decrease Java thread stack sizes (-Xss)
#   Set larger code cache with -XX:ReservedCodeCacheSize=
# This output file may be truncated or incomplete.
#
#  Out of Memory Error (t:/workspace/open/src/hotspot/os/windows/os_windows.cpp:3269), pid=29904, tid=33692
#
# JRE version:  (11.0.2+9) (build )
# Java VM: OpenJDK 64-Bit Server VM (11.0.2+9, mixed mode, aot, sharing, tiered, compressed oops, g1 gc, windows-amd64)
# No core dump will be written. Minidumps are not enabled by default on client versions of Windows
#

---------------  S U M M A R Y ------------

Command Line: -Dmaven.multiModuleProjectDirectory=C:\Users\zanma\Documents\FRI\MAG\2.letnik\fog\FOG\paper-lifecycle org.apache.maven.wrapper.MavenWrapperMain package

Host: Intel(R) Core(TM) i7-8700 CPU @ 3.20GHz, 12 cores, 15G,  Windows 10 , 64 bit Build 22000 (10.0.22000.613)
Time: Sun May  8 18:39:58 2022 Central Europe Summer Time elapsed time: 0 seconds (0d 0h 0m 0s)

---------------  T H R E A D  ---------------

Current thread (0x000002b9c9766000):  JavaThread "Unknown thread" [_thread_in_vm, id=33692, stack(0x000000f63dd00000,0x000000f63de00000)]

Stack: [0x000000f63dd00000,0x000000f63de00000]
Native frames: (J=compiled Java code, j=interpreted, Vv=VM code, C=native code)
V  [jvm.dll+0x63489a]
V  [jvm.dll+0x771f9f]
V  [jvm.dll+0x773648]
V  [jvm.dll+0x773d03]
V  [jvm.dll+0x25eba8]
V  [jvm.dll+0x631d3a]
V  [jvm.dll+0x626775]
V  [jvm.dll+0x313ffc]
V  [jvm.dll+0x313e82]
V  [jvm.dll+0x3196e6]
V  [jvm.dll+0x36579f]
V  [jvm.dll+0x3651c0]
V  [jvm.dll+0x2f0ff8]
V  [jvm.dll+0x2f2156]
V  [jvm.dll+0x74b4f7]
V  [jvm.dll+0x74cc3f]
V  [jvm.dll+0x372609]
V  [jvm.dll+0x731b69]
V  [jvm.dll+0x3e1bad]
V  [jvm.dll+0x3e3e81]
C  [java.exe+0x3607]
C  [java.exe+0x1746c]
C  [KERNEL32.DLL+0x154e0]
C  [ntdll.dll+0x485b]


---------------  P R O C E S S  ---------------

Threads class SMR info:
_java_thread_list=0x000002b9c7c53460, length=0, elements={
}

Java Threads: ( => current thread )

Other Threads:
  0x000002b9c977c000 GCTaskThread "GC Thread#0" [stack: 0x000000f63de00000,0x000000f63df00000] [id=7636]
  0x000002b9c97dc800 ConcurrentGCThread "G1 Main Marker" [stack: 0x000000f63df00000,0x000000f63e000000] [id=31904]
  0x000002b9c97df000 ConcurrentGCThread "G1 Conc#0" [stack: 0x000000f63e000000,0x000000f63e100000] [id=32036]

[error occurred during error reporting (printing all threads), id 0xc0000005, EXCEPTION_ACCESS_VIOLATION (0xc0000005) at pc=0x00007ffda9cff5b7]

VM state:not at safepoint (not fully initialized)

VM Mutex/Monitor currently owned by a thread:  ([mutex/lock_event])
[0x000002b9c9761850] Heap_lock - owner thread: 0x000002b9c9766000

Heap address: 0x0000000700c00000, size: 4084 MB, Compressed Oops mode: Non-zero based: 0x0000000700c00000
Narrow klass base: 0x0000000000000000, Narrow klass shift: 0

GC Heap History (0 events):
No events

Deoptimization events (0 events):
No events

Classes redefined (0 events):
No events

Internal exceptions (0 events):
No events

Events (0 events):
No events


Dynamic libraries:
0x00007ff6f3bf0000 - 0x00007ff6f3c35000 	C:\Program Files\Java\jdk-11.0.2\bin\java.exe
0x00007ffe0b140000 - 0x00007ffe0b349000 	C:\WINDOWS\SYSTEM32\ntdll.dll
0x00007ffe08fe0000 - 0x00007ffe0909d000 	C:\WINDOWS\System32\KERNEL32.DLL
0x00007ffe08b30000 - 0x00007ffe08ea4000 	C:\WINDOWS\System32\KERNELBASE.dll
0x00007ffe0aee0000 - 0x00007ffe0b08c000 	C:\WINDOWS\System32\USER32.dll
0x00007ffe08910000 - 0x00007ffe08936000 	C:\WINDOWS\System32\win32u.dll
0x00007ffe0a3c0000 - 0x00007ffe0a3e9000 	C:\WINDOWS\System32\GDI32.dll
0x00007ffe087f0000 - 0x00007ffe08902000 	C:\WINDOWS\System32\gdi32full.dll
0x00007ffe08750000 - 0x00007ffe087ed000 	C:\WINDOWS\System32\msvcp_win.dll
0x00007ffe08630000 - 0x00007ffe08741000 	C:\WINDOWS\System32\ucrtbase.dll
0x00007ffdfb8e0000 - 0x00007ffdfbb85000 	C:\WINDOWS\WinSxS\amd64_microsoft.windows.common-controls_6595b64144ccf1df_6.0.22000.120_none_9d947278b86cc467\COMCTL32.dll
0x00007ffe090a0000 - 0x00007ffe09143000 	C:\WINDOWS\System32\msvcrt.dll
0x00007ffe0abd0000 - 0x00007ffe0ac01000 	C:\WINDOWS\System32\IMM32.DLL
0x00007ffdfc550000 - 0x00007ffdfc566000 	C:\Program Files\Java\jdk-11.0.2\bin\vcruntime140.dll
0x00007ffdebbf0000 - 0x00007ffdebc9a000 	C:\Program Files\Java\jdk-11.0.2\bin\msvcp140.dll
0x00007ffda9a00000 - 0x00007ffdaa523000 	C:\Program Files\Java\jdk-11.0.2\bin\server\jvm.dll
0x00007ffe0a570000 - 0x00007ffe0a61e000 	C:\WINDOWS\System32\ADVAPI32.dll
0x00007ffe0aca0000 - 0x00007ffe0ad3e000 	C:\WINDOWS\System32\sechost.dll
0x00007ffe0a8f0000 - 0x00007ffe0aa10000 	C:\WINDOWS\System32\RPCRT4.dll
0x00007ffe0a3b0000 - 0x00007ffe0a3b8000 	C:\WINDOWS\System32\PSAPI.DLL
0x00007ffdfdb30000 - 0x00007ffdfdb63000 	C:\WINDOWS\SYSTEM32\WINMM.dll
0x00007ffe032a0000 - 0x00007ffe032a9000 	C:\WINDOWS\SYSTEM32\WSOCK32.dll
0x00007ffe00d40000 - 0x00007ffe00d4a000 	C:\WINDOWS\SYSTEM32\VERSION.dll
0x00007ffe0b090000 - 0x00007ffe0b0ff000 	C:\WINDOWS\System32\WS2_32.dll
0x00007ffe077e0000 - 0x00007ffe077f8000 	C:\WINDOWS\SYSTEM32\kernel.appcore.dll
0x00007ffdfc530000 - 0x00007ffdfc541000 	C:\Program Files\Java\jdk-11.0.2\bin\verify.dll
0x00007ffdfb370000 - 0x00007ffdfb591000 	C:\WINDOWS\SYSTEM32\DBGHELP.DLL
0x00007ffdfae10000 - 0x00007ffdfae41000 	C:\WINDOWS\SYSTEM32\dbgcore.DLL
0x00007ffe08940000 - 0x00007ffe089bf000 	C:\WINDOWS\System32\bcryptPrimitives.dll
0x00007ffdfc2d0000 - 0x00007ffdfc2f8000 	C:\Program Files\Java\jdk-11.0.2\bin\java.dll
0x00007ffdfc4b0000 - 0x00007ffdfc4c6000 	C:\Program Files\Java\jdk-11.0.2\bin\zip.dll
0x00007ffe04c70000 - 0x00007ffe04c7a000 	C:\Program Files\Java\jdk-11.0.2\bin\jimage.dll

dbghelp: loaded successfully - version: 4.0.5 - missing functions: none
symbol engine: initialized successfully - sym options: 0x614 - pdb path: .;C:\Program Files\Java\jdk-11.0.2\bin;C:\WINDOWS\SYSTEM32;C:\WINDOWS\WinSxS\amd64_microsoft.windows.common-controls_6595b64144ccf1df_6.0.22000.120_none_9d947278b86cc467;C:\Program Files\Java\jdk-11.0.2\bin\server

VM Arguments:
jvm_args: -Dmaven.multiModuleProjectDirectory=C:\Users\zanma\Documents\FRI\MAG\2.letnik\fog\FOG\paper-lifecycle 
java_command: org.apache.maven.wrapper.MavenWrapperMain package
java_class_path (initial): C:\Users\zanma\Documents\FRI\MAG\2.letnik\fog\FOG\paper-lifecycle\.mvn\wrapper\maven-wrapper.jar
Launcher Type: SUN_STANDARD

[Global flags]
     intx CICompilerCount                          = 4                                         {product} {ergonomic}
     uint ConcGCThreads                            = 3                                         {product} {ergonomic}
     uint G1ConcRefinementThreads                  = 10                                        {product} {ergonomic}
   size_t G1HeapRegionSize                         = 1048576                                   {product} {ergonomic}
    uintx GCDrainStackTargetSize                   = 64                                        {product} {ergonomic}
   size_t InitialHeapSize                          = 268435456                                 {product} {ergonomic}
   size_t MarkStackSize                            = 4194304                                   {product} {ergonomic}
   size_t MaxHeapSize                              = 4282384384                                {product} {ergonomic}
   size_t MinHeapDeltaBytes                        = 1048576                                   {product} {ergonomic}
    uintx NonNMethodCodeHeapSize                   = 5835340                                {pd product} {ergonomic}
    uintx NonProfiledCodeHeapSize                  = 122911450                              {pd product} {ergonomic}
    uintx ProfiledCodeHeapSize                     = 122911450                              {pd product} {ergonomic}
    uintx ReservedCodeCacheSize                    = 251658240                              {pd product} {ergonomic}
     bool SegmentedCodeCache                       = true                                      {product} {ergonomic}
     bool UseCompressedClassPointers               = true                                 {lp64_product} {ergonomic}
     bool UseCompressedOops                        = true                                 {lp64_product} {ergonomic}
     bool UseG1GC                                  = true                                      {product} {ergonomic}
     bool UseLargePagesIndividualAllocation        = false                                  {pd product} {ergonomic}

Logging:
Log output configuration:
 #0: stdout all=warning uptime,level,tags
 #1: stderr all=off uptime,level,tags

Environment Variables:
JAVA_HOME=C:\Program Files\Java\jdk-11.0.2
PATH=C:\Program Files (x86)\Python38-32\Scripts\;C:\Program Files (x86)\Python38-32\;C:\Program Files\Java\apache-maven-3.6.1\bin;C:\Program Files\Java\jdk-11.0.2\bin;C:\WINDOWS\system32;C:\WINDOWS;C:\WINDOWS\System32\Wbem;C:\WINDOWS\System32\WindowsPowerShell\v1.0\;C:\Program Files\Git\cmd;C:\WINDOWS\System32\OpenSSH\;C:\Program Files (x86)\NVIDIA Corporation\PhysX\Common;C:\Program Files\MATLAB\R2019b\bin;C:\Program Files\NVIDIA Corporation\NVIDIA NvDLISR;C:\WINDOWS\system32;C:\WINDOWS;C:\WINDOWS\System32\Wbem;C:\WINDOWS\System32\WindowsPowerShell\v1.0\;C:\WINDOWS\System32\OpenSSH\;C:\MinGW\bin;C:\Program Files\dotnet\;C:\Program Files\Docker\Docker\resources\bin;C:\ProgramData\DockerDesktop\version-bin;C:\Program Files\kotlinc\bin;C:\Program Files\nodejs\;C:\Users\zanma\Documents\FRI\MAG\2.letnik\rso;C:\Users\zanma\AppData\Local\Programs\Python\Python38\Scripts\;C:\Users\zanma\AppData\Local\Programs\Python\Python38\;C:\Users\zanma\AppData\Local\Microsoft\WindowsApps;C:\Users\zanma\AppData\Local\Programs\Microsoft VS Code\bin;C:\texlive\2019\bin\win32;C:\Users\zanma\AppData\Local\Google\Cloud SDK\google-cloud-sdk\bin;C:\Users\zanma\AppData\Roaming\npm;
USERNAME=zanma
OS=Windows_NT
PROCESSOR_IDENTIFIER=Intel64 Family 6 Model 158 Stepping 10, GenuineIntel



---------------  S Y S T E M  ---------------

OS: Windows 10 , 64 bit Build 22000 (10.0.22000.613)

CPU:total 12 (initial active 12) (6 cores per cpu, 2 threads per core) family 6 model 158 stepping 10, cmov, cx8, fxsr, mmx, sse, sse2, sse3, ssse3, sse4.1, sse4.2, popcnt, avx, avx2, aes, clmul, erms, rtm, 3dnowpref, lzcnt, ht, tsc, tscinvbit, bmi1, bmi2, adx, fma

Memory: 4k page, system-wide physical 16331M (2533M free)
TotalPageFile size 30723M (AvailPageFile size 170M)
current process WorkingSet (physical memory assigned to process): 10M, peak: 10M
current process commit charge ("private bytes"): 64M, peak: 320M

vm_info: OpenJDK 64-Bit Server VM (11.0.2+9) for windows-amd64 JRE (11.0.2+9), built on Jan 18 2019 05:23:22 by "mach5one" with MS VC++ 15.5 (VS2017)

END.
